21:59:09.966 [main]INFO  testcases.TC_002_LoginTest - ****finshing loginTest****
22:23:41.694 [main]DEBUG org.testng.TestNG - suiteXmlPath: "C:\Users\91984\eclipse-workspace\opencard\testngduplicate.xml"
22:23:42.122 [main]INFO  org.testng.internal.Utils - [TestNG] Running:
  C:\Users\91984\eclipse-workspace\opencard\testngduplicate.xml

22:25:32.381 [main]DEBUG org.testng.TestNG - suiteXmlPath: "C:\Users\91984\eclipse-workspace\opencard\testngduplicate.xml"
22:25:32.836 [main]INFO  org.testng.internal.Utils - [TestNG] Running:
  C:\Users\91984\eclipse-workspace\opencard\testngduplicate.xml

22:26:19.205 [main]DEBUG org.testng.TestNG - suiteXmlPath: "C:\Users\91984\eclipse-workspace\opencard\testngduplicate.xml"
22:26:19.588 [main]INFO  org.testng.internal.Utils - [TestNG] Running:
  C:\Users\91984\eclipse-workspace\opencard\testngduplicate.xml

22:26:29.064 [main]INFO  testcases.TC_001_AccountRegisterPage - Staring TC_001_AccountRegisterPage
22:26:32.136 [main]INFO  testcases.TC_001_AccountRegisterPage - clicked on MyAccount link
22:26:32.382 [main]INFO  testcases.TC_001_AccountRegisterPage - clicked on MyRegister link
22:26:34.089 [main]INFO  testcases.TC_001_AccountRegisterPage - Providing the customer details
22:26:36.488 [main]INFO  testcases.TC_001_AccountRegisterPage - validating the Expected Message
22:26:42.111 [main]INFO  testcases.TC_002_LoginTest - ****Starting loginTest****
22:26:44.783 [main]INFO  testcases.TC_002_LoginTest - ****finshing loginTest****
22:58:56.233 [main]DEBUG org.testng.TestNG - suiteXmlPath: "C:\Users\91984\eclipse-workspace\opencard\testngduplicate.xml"
22:58:56.639 [main]INFO  org.testng.internal.Utils - [TestNG] Running:
  C:\Users\91984\eclipse-workspace\opencard\testngduplicate.xml

22:59:02.592 [main]INFO  testcases.TC_001_AccountRegisterPage - Staring TC_001_AccountRegisterPage
22:59:05.638 [main]INFO  testcases.TC_001_AccountRegisterPage - clicked on MyAccount link
22:59:05.847 [main]INFO  testcases.TC_001_AccountRegisterPage - clicked on MyRegister link
22:59:06.996 [main]INFO  testcases.TC_001_AccountRegisterPage - Providing the customer details
22:59:08.806 [main]INFO  testcases.TC_001_AccountRegisterPage - validating the Expected Message
22:59:13.170 [main]INFO  testcases.TC_002_LoginTest - ****Starting loginTest****
22:59:15.310 [main]INFO  testcases.TC_002_LoginTest - ****finshing loginTest****
12:32:45.163 [main]DEBUG org.testng.TestNG - suiteXmlPath: "C:\Users\91984\eclipse-workspace\opencard\testngduplicate.xml"
12:32:54.921 [main]INFO  testcases.TC_001_AccountRegisterPage - Staring TC_001_AccountRegisterPage
12:32:58.023 [main]INFO  testcases.TC_001_AccountRegisterPage - clicked on MyAccount link
12:32:58.187 [main]INFO  testcases.TC_001_AccountRegisterPage - clicked on MyRegister link
12:32:59.964 [main]INFO  testcases.TC_001_AccountRegisterPage - Providing the customer details
12:33:01.737 [main]INFO  testcases.TC_001_AccountRegisterPage - validating the Expected Message
12:33:08.133 [main]INFO  testcases.TC_002_LoginTest - ****Starting loginTest****
12:33:10.224 [main]INFO  testcases.TC_002_LoginTest - ****finshing loginTest****
13:18:01.182 [main]DEBUG org.testng.TestNG - suiteXmlPath: "C:\Users\91984\eclipse-workspace\opencard\testngduplicate.xml"
13:18:07.719 [main]INFO  testcases.TC_001_AccountRegisterPage - Staring TC_001_AccountRegisterPage
13:18:10.765 [main]INFO  testcases.TC_001_AccountRegisterPage - clicked on MyAccount link
13:18:10.936 [main]INFO  testcases.TC_001_AccountRegisterPage - clicked on MyRegister link
13:18:12.622 [main]INFO  testcases.TC_001_AccountRegisterPage - Providing the customer details
13:18:14.466 [main]INFO  testcases.TC_001_AccountRegisterPage - validating the Expected Message
13:18:19.167 [main]INFO  testcases.TC_002_LoginTest - ****Starting loginTest****
13:18:21.257 [main]INFO  testcases.TC_002_LoginTest - ****finshing loginTest****
13:56:07.966 [main]DEBUG org.testng.TestNG - suiteXmlPath: "C:\Users\91984\eclipse-workspace\opencard\testngduplicate.xml"
13:56:15.656 [main]INFO  testcases.TC_001_AccountRegisterPage - Staring TC_001_AccountRegisterPage
13:56:18.681 [main]INFO  testcases.TC_001_AccountRegisterPage - clicked on MyAccount link
13:56:18.781 [main]INFO  testcases.TC_001_AccountRegisterPage - clicked on MyRegister link
13:56:20.407 [main]INFO  testcases.TC_001_AccountRegisterPage - Providing the customer details
13:56:21.813 [main]INFO  testcases.TC_001_AccountRegisterPage - validating the Expected Message
13:56:25.399 [main]INFO  testcases.TC_002_LoginTest - ****Starting loginTest****
13:56:27.038 [main]INFO  testcases.TC_002_LoginTest - ****finshing loginTest****
